<?xml version="1.0" encoding="UTF-8"?>
<!-- Generated by org.testng.reporters.JUnitReportReporter -->
<testsuite hostname="GOPAL-PC" failures="0" tests="1" name="tests.PageCategory" time="6.766" errors="0" timestamp="2025-08-08T11:48:00 IST" skipped="0">
  <testcase classname="tests.PageCategory" name="Pagecategory" time="6.766"/>
</testsuite> <!-- tests.PageCategory -->
