<?xml version="1.0" encoding="UTF-8"?>
<!-- Generated by org.testng.reporters.JUnitReportReporter -->
<testsuite hostname="GOPAL-PC" failures="0" tests="1" name="tests.LogoutTest" time="7.143" errors="0" timestamp="2025-08-08T12:54:01 IST" skipped="0">
  <testcase classname="tests.LogoutTest" name="Logouttest" time="7.143"/>
</testsuite> <!-- tests.LogoutTest -->
