<?xml version="1.0" encoding="UTF-8"?>
<!-- Generated by org.testng.reporters.JUnitReportReporter -->
<testsuite hostname="GOPAL-PC" failures="0" tests="1" name="tests.PageCategoryTest" time="7.473" errors="0" timestamp="2025-08-08T11:57:26 IST" skipped="0">
  <testcase classname="tests.PageCategoryTest" name="Pagecategory" time="7.473"/>
</testsuite> <!-- tests.PageCategoryTest -->
