<?xml version="1.0" encoding="UTF-8"?>
<!-- Generated by org.testng.reporters.JUnitReportReporter -->
<testsuite hostname="GOPAL-PC" failures="0" tests="2" name="tests.PlacingOrderTest" time="17.839" errors="0" timestamp="2025-08-08T10:08:15 IST" skipped="0">
  <testcase classname="tests.PlacingOrderTest" name="PlaceorderTest" time="8.663"/>
  <testcase classname="tests.PlacingOrderTest" name="PlaceorderTest" time="9.176"/>
</testsuite> <!-- tests.PlacingOrderTest -->
