<?xml version="1.0" encoding="UTF-8"?>
<!-- Generated by org.testng.reporters.JUnitReportReporter -->
<testsuite hostname="GOPAL-PC" failures="0" tests="1" name="tests.AddCartTest" time="48.022" errors="0" timestamp="2025-08-08T08:27:07 IST" skipped="0">
  <testcase classname="tests.AddCartTest" name="AddcartTest" time="48.022"/>
</testsuite> <!-- tests.AddCartTest -->
