<?xml version="1.0" encoding="UTF-8"?>
<!-- Generated by org.testng.reporters.JUnitReportReporter -->
<testsuite hostname="GOPAL-PC" failures="0" tests="1" name="tests.LogoutTest" time="6.304" errors="0" timestamp="2025-08-08T12:59:49 IST" skipped="0">
  <testcase classname="tests.LogoutTest" name="Logouttest" time="6.304"/>
</testsuite> <!-- tests.LogoutTest -->
